<?xml version="1.0" encoding="UTF-8"?>
<testng-results ignored="0" total="1" passed="1" failed="0" skipped="0">
  <reporter-output>
  </reporter-output>
  <suite started-at="2026-01-03T23:57:12 IST" name="Default suite" finished-at="2026-01-03T23:57:21 IST" duration-ms="9224">
    <groups>
    </groups>
    <test started-at="2026-01-03T23:57:12 IST" name="Default test" finished-at="2026-01-03T23:57:21 IST" duration-ms="9224">
      <class name="ProjectOne.Wecare.prgmMovieOfferTest">
        <test-method is-config="true" signature="steup()[pri:0, instance:ProjectOne.Wecare.prgmMovieOfferTest@3c73951]" started-at="2026-01-03T23:57:12 IST" name="steup" finished-at="2026-01-03T23:57:19 IST" duration-ms="6600" status="PASS">
          <reporter-output>
          </reporter-output>
        </test-method> <!-- steup -->
        <test-method signature="offeringlist()[pri:0, instance:ProjectOne.Wecare.prgmMovieOfferTest@3c73951]" started-at="2026-01-03T23:57:19 IST" name="offeringlist" finished-at="2026-01-03T23:57:21 IST" duration-ms="2599" status="PASS">
          <reporter-output>
          </reporter-output>
        </test-method> <!-- offeringlist -->
      </class> <!-- ProjectOne.Wecare.prgmMovieOfferTest -->
    </test> <!-- Default test -->
  </suite> <!-- Default suite -->
</testng-results>
