<?xml version="1.0" encoding="UTF-8"?>
<!-- Generated by org.testng.reporters.JUnitReportReporter -->
<testsuite hostname="LAPTOP-VEF5FNP6" failures="0" tests="2" name="ProjectOne.Wecare.LoginTest" time="13.751" errors="0" timestamp="2025-12-24T18:40:34 IST" skipped="0">
  <testcase classname="ProjectOne.Wecare.LoginTest" name="inValidLogin" time="7.176"/>
  <system-out/>
  <testcase classname="ProjectOne.Wecare.LoginTest" name="validLogin" time="6.575"/>
  <system-out/>
</testsuite> <!-- ProjectOne.Wecare.LoginTest -->
